<?xml version="1.0" encoding="UTF-8"?>
<testsuite xmlns:xsi="http://www.w3.org/2001/XMLSchema-instance" xsi:noNamespaceSchemaLocation="https://maven.apache.org/surefire/maven-surefire-plugin/xsd/surefire-test-report.xsd" name="Academy.AllureProject.Tests" time="11.751" tests="2" errors="0" skipped="0" failures="1">
  <properties>
    <property name="java.specification.version" value="15"/>
    <property name="sun.cpu.isalist" value="amd64"/>
    <property name="sun.jnu.encoding" value="Cp1252"/>
    <property name="java.class.path" value="C:\Users\Pritam\eclipse-workspace\AllureProject\target\test-classes;C:\Users\Pritam\eclipse-workspace\AllureProject\target\classes;C:\Users\Pritam\.m2\repository\org\seleniumhq\selenium\selenium-java\3.141.59\selenium-java-3.141.59.jar;C:\Users\Pritam\.m2\repository\org\seleniumhq\selenium\selenium-api\3.141.59\selenium-api-3.141.59.jar;C:\Users\Pritam\.m2\repository\org\seleniumhq\selenium\selenium-chrome-driver\3.141.59\selenium-chrome-driver-3.141.59.jar;C:\Users\Pritam\.m2\repository\org\seleniumhq\selenium\selenium-edge-driver\3.141.59\selenium-edge-driver-3.141.59.jar;C:\Users\Pritam\.m2\repository\org\seleniumhq\selenium\selenium-firefox-driver\3.141.59\selenium-firefox-driver-3.141.59.jar;C:\Users\Pritam\.m2\repository\org\seleniumhq\selenium\selenium-ie-driver\3.141.59\selenium-ie-driver-3.141.59.jar;C:\Users\Pritam\.m2\repository\org\seleniumhq\selenium\selenium-opera-driver\3.141.59\selenium-opera-driver-3.141.59.jar;C:\Users\Pritam\.m2\repository\org\seleniumhq\selenium\selenium-remote-driver\3.141.59\selenium-remote-driver-3.141.59.jar;C:\Users\Pritam\.m2\repository\org\seleniumhq\selenium\selenium-safari-driver\3.141.59\selenium-safari-driver-3.141.59.jar;C:\Users\Pritam\.m2\repository\org\seleniumhq\selenium\selenium-support\3.141.59\selenium-support-3.141.59.jar;C:\Users\Pritam\.m2\repository\net\bytebuddy\byte-buddy\1.8.15\byte-buddy-1.8.15.jar;C:\Users\Pritam\.m2\repository\org\apache\commons\commons-exec\1.3\commons-exec-1.3.jar;C:\Users\Pritam\.m2\repository\com\google\guava\guava\25.0-jre\guava-25.0-jre.jar;C:\Users\Pritam\.m2\repository\com\google\code\findbugs\jsr305\1.3.9\jsr305-1.3.9.jar;C:\Users\Pritam\.m2\repository\org\checkerframework\checker-compat-qual\2.0.0\checker-compat-qual-2.0.0.jar;C:\Users\Pritam\.m2\repository\com\google\errorprone\error_prone_annotations\2.1.3\error_prone_annotations-2.1.3.jar;C:\Users\Pritam\.m2\repository\com\google\j2objc\j2objc-annotations\1.1\j2objc-annotations-1.1.jar;C:\Users\Pritam\.m2\repository\org\codehaus\mojo\animal-sniffer-annotations\1.14\animal-sniffer-annotations-1.14.jar;C:\Users\Pritam\.m2\repository\com\squareup\okhttp3\okhttp\3.11.0\okhttp-3.11.0.jar;C:\Users\Pritam\.m2\repository\com\squareup\okio\okio\1.14.0\okio-1.14.0.jar;C:\Users\Pritam\.m2\repository\ru\yandex\qatools\ashot\ashot\1.5.3\ashot-1.5.3.jar;C:\Users\Pritam\.m2\repository\org\hamcrest\hamcrest-core\1.3\hamcrest-core-1.3.jar;C:\Users\Pritam\.m2\repository\com\googlecode\lambdaj\lambdaj\2.3.3\lambdaj-2.3.3.jar;C:\Users\Pritam\.m2\repository\org\objenesis\objenesis\1.2\objenesis-1.2.jar;C:\Users\Pritam\.m2\repository\cglib\cglib-nodep\2.2\cglib-nodep-2.2.jar;C:\Users\Pritam\.m2\repository\com\google\code\gson\gson\2.8.5\gson-2.8.5.jar;C:\Users\Pritam\.m2\repository\org\hamcrest\hamcrest-all\1.3\hamcrest-all-1.3.jar;C:\Users\Pritam\.m2\repository\com\google\zxing\core\3.4.1\core-3.4.1.jar;C:\Users\Pritam\.m2\repository\com\google\zxing\javase\3.4.1\javase-3.4.1.jar;C:\Users\Pritam\.m2\repository\com\beust\jcommander\1.78\jcommander-1.78.jar;C:\Users\Pritam\.m2\repository\com\github\jai-imageio\jai-imageio-core\1.4.0\jai-imageio-core-1.4.0.jar;C:\Users\Pritam\.m2\repository\org\apache\pdfbox\pdfbox\2.0.23\pdfbox-2.0.23.jar;C:\Users\Pritam\.m2\repository\org\apache\pdfbox\fontbox\2.0.23\fontbox-2.0.23.jar;C:\Users\Pritam\.m2\repository\commons-logging\commons-logging\1.2\commons-logging-1.2.jar;C:\Users\Pritam\.m2\repository\org\apache\poi\poi\5.0.0\poi-5.0.0.jar;C:\Users\Pritam\.m2\repository\org\slf4j\slf4j-api\1.7.30\slf4j-api-1.7.30.jar;C:\Users\Pritam\.m2\repository\org\slf4j\jcl-over-slf4j\1.7.30\jcl-over-slf4j-1.7.30.jar;C:\Users\Pritam\.m2\repository\commons-codec\commons-codec\1.15\commons-codec-1.15.jar;C:\Users\Pritam\.m2\repository\org\apache\commons\commons-collections4\4.4\commons-collections4-4.4.jar;C:\Users\Pritam\.m2\repository\org\apache\commons\commons-math3\3.6.1\commons-math3-3.6.1.jar;C:\Users\Pritam\.m2\repository\com\zaxxer\SparseBitSet\1.2\SparseBitSet-1.2.jar;C:\Users\Pritam\.m2\repository\org\apache\poi\poi-ooxml\5.0.0\poi-ooxml-5.0.0.jar;C:\Users\Pritam\.m2\repository\org\apache\poi\poi-ooxml-lite\5.0.0\poi-ooxml-lite-5.0.0.jar;C:\Users\Pritam\.m2\repository\org\apache\xmlbeans\xmlbeans\4.0.0\xmlbeans-4.0.0.jar;C:\Users\Pritam\.m2\repository\org\apache\commons\commons-compress\1.20\commons-compress-1.20.jar;C:\Users\Pritam\.m2\repository\com\github\virtuald\curvesapi\1.06\curvesapi-1.06.jar;C:\Users\Pritam\.m2\repository\org\bouncycastle\bcpkix-jdk15on\1.68\bcpkix-jdk15on-1.68.jar;C:\Users\Pritam\.m2\repository\org\bouncycastle\bcprov-jdk15on\1.68\bcprov-jdk15on-1.68.jar;C:\Users\Pritam\.m2\repository\org\apache\santuario\xmlsec\2.2.1\xmlsec-2.2.1.jar;C:\Users\Pritam\.m2\repository\com\fasterxml\woodstox\woodstox-core\5.2.1\woodstox-core-5.2.1.jar;C:\Users\Pritam\.m2\repository\org\codehaus\woodstox\stax2-api\4.2\stax2-api-4.2.jar;C:\Users\Pritam\.m2\repository\jakarta\xml\bind\jakarta.xml.bind-api\2.3.2\jakarta.xml.bind-api-2.3.2.jar;C:\Users\Pritam\.m2\repository\jakarta\activation\jakarta.activation-api\1.2.1\jakarta.activation-api-1.2.1.jar;C:\Users\Pritam\.m2\repository\org\apache\xmlgraphics\batik-all\1.13\batik-all-1.13.jar;C:\Users\Pritam\.m2\repository\org\apache\xmlgraphics\batik-anim\1.13\batik-anim-1.13.jar;C:\Users\Pritam\.m2\repository\org\apache\xmlgraphics\batik-shared-resources\1.13\batik-shared-resources-1.13.jar;C:\Users\Pritam\.m2\repository\xml-apis\xml-apis-ext\1.3.04\xml-apis-ext-1.3.04.jar;C:\Users\Pritam\.m2\repository\org\apache\xmlgraphics\batik-awt-util\1.13\batik-awt-util-1.13.jar;C:\Users\Pritam\.m2\repository\org\apache\xmlgraphics\xmlgraphics-commons\2.4\xmlgraphics-commons-2.4.jar;C:\Users\Pritam\.m2\repository\org\apache\xmlgraphics\batik-bridge\1.13\batik-bridge-1.13.jar;C:\Users\Pritam\.m2\repository\org\apache\xmlgraphics\batik-codec\1.13\batik-codec-1.13.jar;C:\Users\Pritam\.m2\repository\org\apache\xmlgraphics\batik-constants\1.13\batik-constants-1.13.jar;C:\Users\Pritam\.m2\repository\org\apache\xmlgraphics\batik-css\1.13\batik-css-1.13.jar;C:\Users\Pritam\.m2\repository\org\apache\xmlgraphics\batik-dom\1.13\batik-dom-1.13.jar;C:\Users\Pritam\.m2\repository\xalan\xalan\2.7.2\xalan-2.7.2.jar;C:\Users\Pritam\.m2\repository\xalan\serializer\2.7.2\serializer-2.7.2.jar;C:\Users\Pritam\.m2\repository\xml-apis\xml-apis\1.4.01\xml-apis-1.4.01.jar;C:\Users\Pritam\.m2\repository\org\apache\xmlgraphics\batik-ext\1.13\batik-ext-1.13.jar;C:\Users\Pritam\.m2\repository\org\apache\xmlgraphics\batik-extension\1.13\batik-extension-1.13.jar;C:\Users\Pritam\.m2\repository\org\apache\xmlgraphics\batik-gui-util\1.13\batik-gui-util-1.13.jar;C:\Users\Pritam\.m2\repository\org\apache\xmlgraphics\batik-gvt\1.13\batik-gvt-1.13.jar;C:\Users\Pritam\.m2\repository\org\apache\xmlgraphics\batik-i18n\1.13\batik-i18n-1.13.jar;C:\Users\Pritam\.m2\repository\org\apache\xmlgraphics\batik-parser\1.13\batik-parser-1.13.jar;C:\Users\Pritam\.m2\repository\org\apache\xmlgraphics\batik-rasterizer-ext\1.13\batik-rasterizer-ext-1.13.jar;C:\Users\Pritam\.m2\repository\org\apache\xmlgraphics\batik-rasterizer\1.13\batik-rasterizer-1.13.jar;C:\Users\Pritam\.m2\repository\org\apache\xmlgraphics\batik-script\1.13\batik-script-1.13.jar;C:\Users\Pritam\.m2\repository\org\apache\xmlgraphics\batik-slideshow\1.13\batik-slideshow-1.13.jar;C:\Users\Pritam\.m2\repository\org\apache\xmlgraphics\batik-squiggle-ext\1.13\batik-squiggle-ext-1.13.jar;C:\Users\Pritam\.m2\repository\org\apache\xmlgraphics\batik-squiggle\1.13\batik-squiggle-1.13.jar;C:\Users\Pritam\.m2\repository\org\apache\xmlgraphics\batik-svg-dom\1.13\batik-svg-dom-1.13.jar;C:\Users\Pritam\.m2\repository\org\apache\xmlgraphics\batik-svgbrowser\1.13\batik-svgbrowser-1.13.jar;C:\Users\Pritam\.m2\repository\org\apache\xmlgraphics\batik-svggen\1.13\batik-svggen-1.13.jar;C:\Users\Pritam\.m2\repository\org\apache\xmlgraphics\batik-svgpp\1.13\batik-svgpp-1.13.jar;C:\Users\Pritam\.m2\repository\org\apache\xmlgraphics\batik-svgrasterizer\1.13\batik-svgrasterizer-1.13.jar;C:\Users\Pritam\.m2\repository\org\apache\xmlgraphics\batik-swing\1.13\batik-swing-1.13.jar;C:\Users\Pritam\.m2\repository\org\apache\xmlgraphics\batik-transcoder\1.13\batik-transcoder-1.13.jar;C:\Users\Pritam\.m2\repository\org\apache\xmlgraphics\batik-util\1.13\batik-util-1.13.jar;C:\Users\Pritam\.m2\repository\org\apache\xmlgraphics\batik-ttf2svg\1.13\batik-ttf2svg-1.13.jar;C:\Users\Pritam\.m2\repository\org\apache\xmlgraphics\batik-xml\1.13\batik-xml-1.13.jar;C:\Users\Pritam\.m2\repository\de\rototor\pdfbox\graphics2d\0.30\graphics2d-0.30.jar;C:\Users\Pritam\.m2\repository\org\testng\testng\7.3.0\testng-7.3.0.jar;C:\Users\Pritam\.m2\repository\org\apache\ant\ant\1.10.3\ant-1.10.3.jar;C:\Users\Pritam\.m2\repository\org\apache\ant\ant-launcher\1.10.3\ant-launcher-1.10.3.jar;C:\Users\Pritam\.m2\repository\junit\junit\4.12\junit-4.12.jar;C:\Users\Pritam\.m2\repository\com\google\inject\guice\4.2.2\guice-4.2.2-no_aop.jar;C:\Users\Pritam\.m2\repository\javax\inject\javax.inject\1\javax.inject-1.jar;C:\Users\Pritam\.m2\repository\aopalliance\aopalliance\1.0\aopalliance-1.0.jar;C:\Users\Pritam\.m2\repository\org\yaml\snakeyaml\1.21\snakeyaml-1.21.jar;C:\Users\Pritam\.m2\repository\commons-io\commons-io\2.8.0\commons-io-2.8.0.jar;C:\Users\Pritam\.m2\repository\com\aventstack\extentreports\4.0.1\extentreports-4.0.1.jar;C:\Users\Pritam\.m2\repository\org\freemarker\freemarker\2.3.23\freemarker-2.3.23.jar;C:\Users\Pritam\.m2\repository\org\mongodb\mongodb-driver\3.3.0\mongodb-driver-3.3.0.jar;C:\Users\Pritam\.m2\repository\org\mongodb\mongodb-driver-core\3.3.0\mongodb-driver-core-3.3.0.jar;C:\Users\Pritam\.m2\repository\org\mongodb\bson\3.3.0\bson-3.3.0.jar;C:\Users\Pritam\.m2\repository\org\apache\httpcomponents\httpclient\4.5.2\httpclient-4.5.2.jar;C:\Users\Pritam\.m2\repository\org\apache\httpcomponents\httpcore\4.4.4\httpcore-4.4.4.jar;C:\Users\Pritam\.m2\repository\org\apache\httpcomponents\httpmime\4.5.2\httpmime-4.5.2.jar;C:\Users\Pritam\.m2\repository\io\github\bonigarcia\webdrivermanager\4.4.1\webdrivermanager-4.4.1.jar;C:\Users\Pritam\.m2\repository\org\apache\commons\commons-lang3\3.12.0\commons-lang3-3.12.0.jar;C:\Users\Pritam\.m2\repository\org\apache\httpcomponents\client5\httpclient5\5.0.3\httpclient5-5.0.3.jar;C:\Users\Pritam\.m2\repository\org\apache\httpcomponents\core5\httpcore5\5.0.2\httpcore5-5.0.2.jar;C:\Users\Pritam\.m2\repository\org\apache\httpcomponents\core5\httpcore5-h2\5.0.2\httpcore5-h2-5.0.2.jar;C:\Users\Pritam\.m2\repository\org\rauschig\jarchivelib\1.1.0\jarchivelib-1.1.0.jar;C:\Users\Pritam\.m2\repository\org\jsoup\jsoup\1.13.1\jsoup-1.13.1.jar;C:\Users\Pritam\.m2\repository\io\qameta\allure\allure-testng\2.13.9\allure-testng-2.13.9.jar;C:\Users\Pritam\.m2\repository\io\qameta\allure\allure-java-commons\2.13.9\allure-java-commons-2.13.9.jar;C:\Users\Pritam\.m2\repository\io\qameta\allure\allure-model\2.13.9\allure-model-2.13.9.jar;C:\Users\Pritam\.m2\repository\com\fasterxml\jackson\core\jackson-databind\2.12.2\jackson-databind-2.12.2.jar;C:\Users\Pritam\.m2\repository\com\fasterxml\jackson\core\jackson-annotations\2.12.2\jackson-annotations-2.12.2.jar;C:\Users\Pritam\.m2\repository\com\fasterxml\jackson\core\jackson-core\2.12.2\jackson-core-2.12.2.jar;C:\Users\Pritam\.m2\repository\org\apache\tika\tika-core\1.25\tika-core-1.25.jar;C:\Users\Pritam\.m2\repository\org\jooq\joor-java-8\0.9.13\joor-java-8-0.9.13.jar;C:\Users\Pritam\.m2\repository\io\qameta\allure\allure-test-filter\2.13.9\allure-test-filter-2.13.9.jar;"/>
    <property name="java.vm.vendor" value="Oracle Corporation"/>
    <property name="sun.arch.data.model" value="64"/>
    <property name="user.variant" value=""/>
    <property name="java.vendor.url" value="https://java.oracle.com/"/>
    <property name="user.timezone" value="Asia/Calcutta"/>
    <property name="os.name" value="Windows 10"/>
    <property name="java.vm.specification.version" value="15"/>
    <property name="sun.java.launcher" value="SUN_STANDARD"/>
    <property name="user.country" value="IN"/>
    <property name="sun.boot.library.path" value="C:\Users\Pritam\.p2\pool\plugins\org.eclipse.justj.openjdk.hotspot.jre.full.win32.x86_64_15.0.2.v20210201-0955\jre\bin"/>
    <property name="sun.java.command" value="C:\Users\Pritam\AppData\Local\Temp\surefire8460135951680703184\surefirebooter10762224403939011678.jar C:\Users\Pritam\AppData\Local\Temp\surefire8460135951680703184 2021-05-01T02-36-57_699-jvmRun1 surefire8413012402057769493tmp surefire_010617466150428662564tmp"/>
    <property name="jdk.debug" value="release"/>
    <property name="surefire.test.class.path" value="C:\Users\Pritam\eclipse-workspace\AllureProject\target\test-classes;C:\Users\Pritam\eclipse-workspace\AllureProject\target\classes;C:\Users\Pritam\.m2\repository\org\seleniumhq\selenium\selenium-java\3.141.59\selenium-java-3.141.59.jar;C:\Users\Pritam\.m2\repository\org\seleniumhq\selenium\selenium-api\3.141.59\selenium-api-3.141.59.jar;C:\Users\Pritam\.m2\repository\org\seleniumhq\selenium\selenium-chrome-driver\3.141.59\selenium-chrome-driver-3.141.59.jar;C:\Users\Pritam\.m2\repository\org\seleniumhq\selenium\selenium-edge-driver\3.141.59\selenium-edge-driver-3.141.59.jar;C:\Users\Pritam\.m2\repository\org\seleniumhq\selenium\selenium-firefox-driver\3.141.59\selenium-firefox-driver-3.141.59.jar;C:\Users\Pritam\.m2\repository\org\seleniumhq\selenium\selenium-ie-driver\3.141.59\selenium-ie-driver-3.141.59.jar;C:\Users\Pritam\.m2\repository\org\seleniumhq\selenium\selenium-opera-driver\3.141.59\selenium-opera-driver-3.141.59.jar;C:\Users\Pritam\.m2\repository\org\seleniumhq\selenium\selenium-remote-driver\3.141.59\selenium-remote-driver-3.141.59.jar;C:\Users\Pritam\.m2\repository\org\seleniumhq\selenium\selenium-safari-driver\3.141.59\selenium-safari-driver-3.141.59.jar;C:\Users\Pritam\.m2\repository\org\seleniumhq\selenium\selenium-support\3.141.59\selenium-support-3.141.59.jar;C:\Users\Pritam\.m2\repository\net\bytebuddy\byte-buddy\1.8.15\byte-buddy-1.8.15.jar;C:\Users\Pritam\.m2\repository\org\apache\commons\commons-exec\1.3\commons-exec-1.3.jar;C:\Users\Pritam\.m2\repository\com\google\guava\guava\25.0-jre\guava-25.0-jre.jar;C:\Users\Pritam\.m2\repository\com\google\code\findbugs\jsr305\1.3.9\jsr305-1.3.9.jar;C:\Users\Pritam\.m2\repository\org\checkerframework\checker-compat-qual\2.0.0\checker-compat-qual-2.0.0.jar;C:\Users\Pritam\.m2\repository\com\google\errorprone\error_prone_annotations\2.1.3\error_prone_annotations-2.1.3.jar;C:\Users\Pritam\.m2\repository\com\google\j2objc\j2objc-annotations\1.1\j2objc-annotations-1.1.jar;C:\Users\Pritam\.m2\repository\org\codehaus\mojo\animal-sniffer-annotations\1.14\animal-sniffer-annotations-1.14.jar;C:\Users\Pritam\.m2\repository\com\squareup\okhttp3\okhttp\3.11.0\okhttp-3.11.0.jar;C:\Users\Pritam\.m2\repository\com\squareup\okio\okio\1.14.0\okio-1.14.0.jar;C:\Users\Pritam\.m2\repository\ru\yandex\qatools\ashot\ashot\1.5.3\ashot-1.5.3.jar;C:\Users\Pritam\.m2\repository\org\hamcrest\hamcrest-core\1.3\hamcrest-core-1.3.jar;C:\Users\Pritam\.m2\repository\com\googlecode\lambdaj\lambdaj\2.3.3\lambdaj-2.3.3.jar;C:\Users\Pritam\.m2\repository\org\objenesis\objenesis\1.2\objenesis-1.2.jar;C:\Users\Pritam\.m2\repository\cglib\cglib-nodep\2.2\cglib-nodep-2.2.jar;C:\Users\Pritam\.m2\repository\com\google\code\gson\gson\2.8.5\gson-2.8.5.jar;C:\Users\Pritam\.m2\repository\org\hamcrest\hamcrest-all\1.3\hamcrest-all-1.3.jar;C:\Users\Pritam\.m2\repository\com\google\zxing\core\3.4.1\core-3.4.1.jar;C:\Users\Pritam\.m2\repository\com\google\zxing\javase\3.4.1\javase-3.4.1.jar;C:\Users\Pritam\.m2\repository\com\beust\jcommander\1.78\jcommander-1.78.jar;C:\Users\Pritam\.m2\repository\com\github\jai-imageio\jai-imageio-core\1.4.0\jai-imageio-core-1.4.0.jar;C:\Users\Pritam\.m2\repository\org\apache\pdfbox\pdfbox\2.0.23\pdfbox-2.0.23.jar;C:\Users\Pritam\.m2\repository\org\apache\pdfbox\fontbox\2.0.23\fontbox-2.0.23.jar;C:\Users\Pritam\.m2\repository\commons-logging\commons-logging\1.2\commons-logging-1.2.jar;C:\Users\Pritam\.m2\repository\org\apache\poi\poi\5.0.0\poi-5.0.0.jar;C:\Users\Pritam\.m2\repository\org\slf4j\slf4j-api\1.7.30\slf4j-api-1.7.30.jar;C:\Users\Pritam\.m2\repository\org\slf4j\jcl-over-slf4j\1.7.30\jcl-over-slf4j-1.7.30.jar;C:\Users\Pritam\.m2\repository\commons-codec\commons-codec\1.15\commons-codec-1.15.jar;C:\Users\Pritam\.m2\repository\org\apache\commons\commons-collections4\4.4\commons-collections4-4.4.jar;C:\Users\Pritam\.m2\repository\org\apache\commons\commons-math3\3.6.1\commons-math3-3.6.1.jar;C:\Users\Pritam\.m2\repository\com\zaxxer\SparseBitSet\1.2\SparseBitSet-1.2.jar;C:\Users\Pritam\.m2\repository\org\apache\poi\poi-ooxml\5.0.0\poi-ooxml-5.0.0.jar;C:\Users\Pritam\.m2\repository\org\apache\poi\poi-ooxml-lite\5.0.0\poi-ooxml-lite-5.0.0.jar;C:\Users\Pritam\.m2\repository\org\apache\xmlbeans\xmlbeans\4.0.0\xmlbeans-4.0.0.jar;C:\Users\Pritam\.m2\repository\org\apache\commons\commons-compress\1.20\commons-compress-1.20.jar;C:\Users\Pritam\.m2\repository\com\github\virtuald\curvesapi\1.06\curvesapi-1.06.jar;C:\Users\Pritam\.m2\repository\org\bouncycastle\bcpkix-jdk15on\1.68\bcpkix-jdk15on-1.68.jar;C:\Users\Pritam\.m2\repository\org\bouncycastle\bcprov-jdk15on\1.68\bcprov-jdk15on-1.68.jar;C:\Users\Pritam\.m2\repository\org\apache\santuario\xmlsec\2.2.1\xmlsec-2.2.1.jar;C:\Users\Pritam\.m2\repository\com\fasterxml\woodstox\woodstox-core\5.2.1\woodstox-core-5.2.1.jar;C:\Users\Pritam\.m2\repository\org\codehaus\woodstox\stax2-api\4.2\stax2-api-4.2.jar;C:\Users\Pritam\.m2\repository\jakarta\xml\bind\jakarta.xml.bind-api\2.3.2\jakarta.xml.bind-api-2.3.2.jar;C:\Users\Pritam\.m2\repository\jakarta\activation\jakarta.activation-api\1.2.1\jakarta.activation-api-1.2.1.jar;C:\Users\Pritam\.m2\repository\org\apache\xmlgraphics\batik-all\1.13\batik-all-1.13.jar;C:\Users\Pritam\.m2\repository\org\apache\xmlgraphics\batik-anim\1.13\batik-anim-1.13.jar;C:\Users\Pritam\.m2\repository\org\apache\xmlgraphics\batik-shared-resources\1.13\batik-shared-resources-1.13.jar;C:\Users\Pritam\.m2\repository\xml-apis\xml-apis-ext\1.3.04\xml-apis-ext-1.3.04.jar;C:\Users\Pritam\.m2\repository\org\apache\xmlgraphics\batik-awt-util\1.13\batik-awt-util-1.13.jar;C:\Users\Pritam\.m2\repository\org\apache\xmlgraphics\xmlgraphics-commons\2.4\xmlgraphics-commons-2.4.jar;C:\Users\Pritam\.m2\repository\org\apache\xmlgraphics\batik-bridge\1.13\batik-bridge-1.13.jar;C:\Users\Pritam\.m2\repository\org\apache\xmlgraphics\batik-codec\1.13\batik-codec-1.13.jar;C:\Users\Pritam\.m2\repository\org\apache\xmlgraphics\batik-constants\1.13\batik-constants-1.13.jar;C:\Users\Pritam\.m2\repository\org\apache\xmlgraphics\batik-css\1.13\batik-css-1.13.jar;C:\Users\Pritam\.m2\repository\org\apache\xmlgraphics\batik-dom\1.13\batik-dom-1.13.jar;C:\Users\Pritam\.m2\repository\xalan\xalan\2.7.2\xalan-2.7.2.jar;C:\Users\Pritam\.m2\repository\xalan\serializer\2.7.2\serializer-2.7.2.jar;C:\Users\Pritam\.m2\repository\xml-apis\xml-apis\1.4.01\xml-apis-1.4.01.jar;C:\Users\Pritam\.m2\repository\org\apache\xmlgraphics\batik-ext\1.13\batik-ext-1.13.jar;C:\Users\Pritam\.m2\repository\org\apache\xmlgraphics\batik-extension\1.13\batik-extension-1.13.jar;C:\Users\Pritam\.m2\repository\org\apache\xmlgraphics\batik-gui-util\1.13\batik-gui-util-1.13.jar;C:\Users\Pritam\.m2\repository\org\apache\xmlgraphics\batik-gvt\1.13\batik-gvt-1.13.jar;C:\Users\Pritam\.m2\repository\org\apache\xmlgraphics\batik-i18n\1.13\batik-i18n-1.13.jar;C:\Users\Pritam\.m2\repository\org\apache\xmlgraphics\batik-parser\1.13\batik-parser-1.13.jar;C:\Users\Pritam\.m2\repository\org\apache\xmlgraphics\batik-rasterizer-ext\1.13\batik-rasterizer-ext-1.13.jar;C:\Users\Pritam\.m2\repository\org\apache\xmlgraphics\batik-rasterizer\1.13\batik-rasterizer-1.13.jar;C:\Users\Pritam\.m2\repository\org\apache\xmlgraphics\batik-script\1.13\batik-script-1.13.jar;C:\Users\Pritam\.m2\repository\org\apache\xmlgraphics\batik-slideshow\1.13\batik-slideshow-1.13.jar;C:\Users\Pritam\.m2\repository\org\apache\xmlgraphics\batik-squiggle-ext\1.13\batik-squiggle-ext-1.13.jar;C:\Users\Pritam\.m2\repository\org\apache\xmlgraphics\batik-squiggle\1.13\batik-squiggle-1.13.jar;C:\Users\Pritam\.m2\repository\org\apache\xmlgraphics\batik-svg-dom\1.13\batik-svg-dom-1.13.jar;C:\Users\Pritam\.m2\repository\org\apache\xmlgraphics\batik-svgbrowser\1.13\batik-svgbrowser-1.13.jar;C:\Users\Pritam\.m2\repository\org\apache\xmlgraphics\batik-svggen\1.13\batik-svggen-1.13.jar;C:\Users\Pritam\.m2\repository\org\apache\xmlgraphics\batik-svgpp\1.13\batik-svgpp-1.13.jar;C:\Users\Pritam\.m2\repository\org\apache\xmlgraphics\batik-svgrasterizer\1.13\batik-svgrasterizer-1.13.jar;C:\Users\Pritam\.m2\repository\org\apache\xmlgraphics\batik-swing\1.13\batik-swing-1.13.jar;C:\Users\Pritam\.m2\repository\org\apache\xmlgraphics\batik-transcoder\1.13\batik-transcoder-1.13.jar;C:\Users\Pritam\.m2\repository\org\apache\xmlgraphics\batik-util\1.13\batik-util-1.13.jar;C:\Users\Pritam\.m2\repository\org\apache\xmlgraphics\batik-ttf2svg\1.13\batik-ttf2svg-1.13.jar;C:\Users\Pritam\.m2\repository\org\apache\xmlgraphics\batik-xml\1.13\batik-xml-1.13.jar;C:\Users\Pritam\.m2\repository\de\rototor\pdfbox\graphics2d\0.30\graphics2d-0.30.jar;C:\Users\Pritam\.m2\repository\org\testng\testng\7.3.0\testng-7.3.0.jar;C:\Users\Pritam\.m2\repository\org\apache\ant\ant\1.10.3\ant-1.10.3.jar;C:\Users\Pritam\.m2\repository\org\apache\ant\ant-launcher\1.10.3\ant-launcher-1.10.3.jar;C:\Users\Pritam\.m2\repository\junit\junit\4.12\junit-4.12.jar;C:\Users\Pritam\.m2\repository\com\google\inject\guice\4.2.2\guice-4.2.2-no_aop.jar;C:\Users\Pritam\.m2\repository\javax\inject\javax.inject\1\javax.inject-1.jar;C:\Users\Pritam\.m2\repository\aopalliance\aopalliance\1.0\aopalliance-1.0.jar;C:\Users\Pritam\.m2\repository\org\yaml\snakeyaml\1.21\snakeyaml-1.21.jar;C:\Users\Pritam\.m2\repository\commons-io\commons-io\2.8.0\commons-io-2.8.0.jar;C:\Users\Pritam\.m2\repository\com\aventstack\extentreports\4.0.1\extentreports-4.0.1.jar;C:\Users\Pritam\.m2\repository\org\freemarker\freemarker\2.3.23\freemarker-2.3.23.jar;C:\Users\Pritam\.m2\repository\org\mongodb\mongodb-driver\3.3.0\mongodb-driver-3.3.0.jar;C:\Users\Pritam\.m2\repository\org\mongodb\mongodb-driver-core\3.3.0\mongodb-driver-core-3.3.0.jar;C:\Users\Pritam\.m2\repository\org\mongodb\bson\3.3.0\bson-3.3.0.jar;C:\Users\Pritam\.m2\repository\org\apache\httpcomponents\httpclient\4.5.2\httpclient-4.5.2.jar;C:\Users\Pritam\.m2\repository\org\apache\httpcomponents\httpcore\4.4.4\httpcore-4.4.4.jar;C:\Users\Pritam\.m2\repository\org\apache\httpcomponents\httpmime\4.5.2\httpmime-4.5.2.jar;C:\Users\Pritam\.m2\repository\io\github\bonigarcia\webdrivermanager\4.4.1\webdrivermanager-4.4.1.jar;C:\Users\Pritam\.m2\repository\org\apache\commons\commons-lang3\3.12.0\commons-lang3-3.12.0.jar;C:\Users\Pritam\.m2\repository\org\apache\httpcomponents\client5\httpclient5\5.0.3\httpclient5-5.0.3.jar;C:\Users\Pritam\.m2\repository\org\apache\httpcomponents\core5\httpcore5\5.0.2\httpcore5-5.0.2.jar;C:\Users\Pritam\.m2\repository\org\apache\httpcomponents\core5\httpcore5-h2\5.0.2\httpcore5-h2-5.0.2.jar;C:\Users\Pritam\.m2\repository\org\rauschig\jarchivelib\1.1.0\jarchivelib-1.1.0.jar;C:\Users\Pritam\.m2\repository\org\jsoup\jsoup\1.13.1\jsoup-1.13.1.jar;C:\Users\Pritam\.m2\repository\io\qameta\allure\allure-testng\2.13.9\allure-testng-2.13.9.jar;C:\Users\Pritam\.m2\repository\io\qameta\allure\allure-java-commons\2.13.9\allure-java-commons-2.13.9.jar;C:\Users\Pritam\.m2\repository\io\qameta\allure\allure-model\2.13.9\allure-model-2.13.9.jar;C:\Users\Pritam\.m2\repository\com\fasterxml\jackson\core\jackson-databind\2.12.2\jackson-databind-2.12.2.jar;C:\Users\Pritam\.m2\repository\com\fasterxml\jackson\core\jackson-annotations\2.12.2\jackson-annotations-2.12.2.jar;C:\Users\Pritam\.m2\repository\com\fasterxml\jackson\core\jackson-core\2.12.2\jackson-core-2.12.2.jar;C:\Users\Pritam\.m2\repository\org\apache\tika\tika-core\1.25\tika-core-1.25.jar;C:\Users\Pritam\.m2\repository\org\jooq\joor-java-8\0.9.13\joor-java-8-0.9.13.jar;C:\Users\Pritam\.m2\repository\io\qameta\allure\allure-test-filter\2.13.9\allure-test-filter-2.13.9.jar;"/>
    <property name="sun.cpu.endian" value="little"/>
    <property name="user.home" value="C:\Users\Pritam"/>
    <property name="user.language" value="en"/>
    <property name="java.specification.vendor" value="Oracle Corporation"/>
    <property name="java.version.date" value="2021-01-19"/>
    <property name="java.home" value="C:\Users\Pritam\.p2\pool\plugins\org.eclipse.justj.openjdk.hotspot.jre.full.win32.x86_64_15.0.2.v20210201-0955\jre"/>
    <property name="file.separator" value="\"/>
    <property name="basedir" value="C:\Users\Pritam\eclipse-workspace\AllureProject"/>
    <property name="java.vm.compressedOopsMode" value="32-bit"/>
    <property name="line.separator" value="&#10;"/>
    <property name="java.vm.specification.vendor" value="Oracle Corporation"/>
    <property name="java.specification.name" value="Java Platform API Specification"/>
    <property name="surefire.real.class.path" value="C:\Users\Pritam\AppData\Local\Temp\surefire8460135951680703184\surefirebooter10762224403939011678.jar"/>
    <property name="user.script" value=""/>
    <property name="sun.management.compiler" value="HotSpot 64-Bit Tiered Compilers"/>
    <property name="java.runtime.version" value="15.0.2+7-27"/>
    <property name="user.name" value="Pritam"/>
    <property name="path.separator" value=";"/>
    <property name="os.version" value="10.0"/>
    <property name="java.runtime.name" value="OpenJDK Runtime Environment"/>
    <property name="file.encoding" value="Cp1252"/>
    <property name="java.vm.name" value="OpenJDK 64-Bit Server VM"/>
    <property name="localRepository" value="C:\Users\Pritam\.m2\repository"/>
    <property name="java.vendor.url.bug" value="https://bugreport.java.com/bugreport/"/>
    <property name="java.io.tmpdir" value="C:\Users\Pritam\AppData\Local\Temp\"/>
    <property name="java.version" value="15.0.2"/>
    <property name="user.dir" value="C:\Users\Pritam\eclipse-workspace\AllureProject"/>
    <property name="os.arch" value="amd64"/>
    <property name="java.vm.specification.name" value="Java Virtual Machine Specification"/>
    <property name="sun.os.patch.level" value=""/>
    <property name="java.library.path" value="C:\Users\Pritam\.p2\pool\plugins\org.eclipse.justj.openjdk.hotspot.jre.full.win32.x86_64_15.0.2.v20210201-0955\jre\bin;C:\WINDOWS\Sun\Java\bin;C:\WINDOWS\system32;C:\WINDOWS;C:/Users/Pritam/.p2/pool/plugins/org.eclipse.justj.openjdk.hotspot.jre.full.win32.x86_64_15.0.2.v20210201-0955/jre/bin/server;C:/Users/Pritam/.p2/pool/plugins/org.eclipse.justj.openjdk.hotspot.jre.full.win32.x86_64_15.0.2.v20210201-0955/jre/bin;C:\Program Files (x86)\Common Files\Oracle\Java\javapath;C:\WINDOWS\system32;C:\WINDOWS;C:\WINDOWS\System32\Wbem;C:\WINDOWS\System32\WindowsPowerShell\v1.0\;C:\WINDOWS\System32\OpenSSH\;C:\Program Files\nodejs\;C:\Program Files\Git\cmd;C:\Users\Pritam\Desktop\apache-maven-3.6.3-bin\apache-maven-3.6.3\bin;C:\Program Files\Java\jdk1.8.0_281\bin;C:\Program Files\MySQL\MySQL Shell 8.0\bin\;C:\Users\Pritam\AppData\Local\Microsoft\WindowsApps;C:\Users\Pritam\AppData\Roaming\npm;C:\Users\Pritam\AppData\Local\Programs\Microsoft VS Code\bin;C:\Users\Pritam\Desktop\apache-maven-3.6.3-bin\apache-maven-3.6.3\bin;C:\Program Files\Java\jdk1.8.0_281\bin;;C:\Users\Pritam\Desktop;;."/>
    <property name="java.vm.info" value="mixed mode"/>
    <property name="java.vendor" value="Oracle Corporation"/>
    <property name="java.vm.version" value="15.0.2+7-27"/>
    <property name="sun.io.unicode.encoding" value="UnicodeLittle"/>
    <property name="java.class.version" value="59.0"/>
  </properties>
  <testcase name="googleLogoTest" classname="Academy.AllureProject.Tests" time="0.37">
    <failure message="expected [true] but found [false]" type="java.lang.AssertionError">java.lang.AssertionError: expected [true] but found [false]
	at Academy.AllureProject.Tests.googleLogoTest(Tests.java:43)
</failure>
    <system-out><![CDATA[I am on onTestFailurMethod...googleLogoTest
Screenshot Captured from Test Case...googleLogoTest
]]></system-out>
    <system-err><![CDATA[SLF4J: Failed to load class "org.slf4j.impl.StaticLoggerBinder".
SLF4J: Defaulting to no-operation (NOP) logger implementation
SLF4J: See http://www.slf4j.org/codes.html#StaticLoggerBinder for further details.
Starting ChromeDriver 90.0.4430.24 (4c6d850f087da467d926e8eddb76550aed655991-refs/branch-heads/4430@{#429}) on port 23784
Only local connections are allowed.
Please see https://chromedriver.chromium.org/security-considerations for suggestions on keeping ChromeDriver safe.
ChromeDriver was started successfully.
May 01, 2021 2:37:04 AM org.openqa.selenium.remote.ProtocolHandshake createSession
INFO: Detected dialect: W3C
]]></system-err>
  </testcase>
  <testcase name="googleTitleTest" classname="Academy.AllureProject.Tests" time="0.01"/>
</testsuite>