<?xml version="1.0" encoding="UTF-8"?>
<!-- Generated by org.testng.reporters.JUnitReportReporter -->
<testsuite skipped="0" hostname="LAPTOP-GB395NJQ" name="Academy.AllureProject.AppTest" tests="1" failures="0" timestamp="2021-05-01T02:33:18 IST" time="0.020" errors="0">
  <testcase name="shouldAnswerWithTrue" time="0.020" classname="Academy.AllureProject.AppTest"/>
  <system-out/>
</testsuite> <!-- Academy.AllureProject.AppTest -->
